=== Log started at 2025-03-06T21:20:11.540Z ===

[2025-03-06 21:20:11.538] [INFO] Logging level set to DEBUG
[2025-03-06 21:20:11.540] [INFO] Starting multi-chain liquidity scanner
[2025-03-06 21:20:11.542] [DEBUG] Checking liquidity for token 0xc02aaa39b223fe8d0a0e5c4f27ead9083c756cc2 on chain 1
[2025-03-06 21:20:11.720] [DEBUG] Using RPC https://eth-mainnet.public.blastapi.io for chain 1
[2025-03-06 21:20:11.826] [DEBUG] Using RPC https://eth-mainnet.public.blastapi.io for chain 1
[2025-03-06 21:20:11.899] [DEBUG] Using RPC https://eth-mainnet.public.blastapi.io for chain 1
[2025-03-06 21:20:12.259] [INFO] Found THORChain pool for ETH.ETH
[2025-03-06 21:20:12.597] [DEBUG] Request failed. Retrying in 875ms (attempt 1/3)
{
  "error": "Request failed with status code 501"
}
[2025-03-06 21:20:13.596] [DEBUG] Request failed. Retrying in 1218ms (attempt 2/3)
{
  "error": "Request failed with status code 501"
}
[2025-03-06 21:20:14.929] [ERROR] Error checking Maya pool for ETH.ETH
{
  "error": "Request failed with status code 501"
}
[2025-03-06 21:20:14.929] [INFO] Results for Wrapped Ether (0xc02aaa39b223fe8d0a0e5c4f27ead9083c756cc2):
{
  "token": "0xc02aaa39b223fe8d0a0e5c4f27ead9083c756cc2",
  "chainId": 1,
  "chainName": "ETHEREUM",
  "timestamp": "2025-03-06T21:20:11.542Z",
  "protocols": {
    "uniswap": {
      "v2": {
        "exists": false,
        "dex": "uniswap",
        "chainId": 1
      },
      "v3": {
        "exists": false,
        "dex": "uniswap",
        "chainId": 1,
        "pools": []
      }
    },
    "sushiswap": {
      "v2": {
        "exists": false,
        "dex": "sushiswap",
        "chainId": 1
      }
    },
    "thorchain": {
      "exists": true,
      "protocol": "thorchain",
      "asset": "ETH.ETH",
      "details": {
        "status": "Available"
      }
    },
    "maya": {
      "exists": false,
      "protocol": "maya",
      "asset": "ETH.ETH",
      "error": "Request failed with status code 501"
    }
  }
}
[2025-03-06 21:20:14.929] [DEBUG] Checking liquidity for token 0xa0b86991c6218b36c1d19d4a2e9eb0ce3606eb48 on chain 1
[2025-03-06 21:20:14.967] [DEBUG] Using RPC https://eth-mainnet.public.blastapi.io for chain 1
[2025-03-06 21:20:15.037] [INFO] Found uniswap V2 pool on chain 1 for 0xa0b86991c6218b36c1d19d4a2e9eb0ce3606eb48/0xc02aaa39b223fe8d0a0e5c4f27ead9083c756cc2
[2025-03-06 21:20:15.075] [DEBUG] Using RPC https://eth-mainnet.public.blastapi.io for chain 1
[2025-03-06 21:20:15.143] [INFO] Found sushiswap V2 pool on chain 1 for 0xa0b86991c6218b36c1d19d4a2e9eb0ce3606eb48/0xc02aaa39b223fe8d0a0e5c4f27ead9083c756cc2
[2025-03-06 21:20:15.174] [DEBUG] Using RPC https://eth-mainnet.public.blastapi.io for chain 1
[2025-03-06 21:20:15.299] [INFO] Found 4 uniswap V3 pools on chain 1 for 0xa0b86991c6218b36c1d19d4a2e9eb0ce3606eb48/0xc02aaa39b223fe8d0a0e5c4f27ead9083c756cc2
[2025-03-06 21:20:15.435] [INFO] Found THORChain pool for ETH.USDC-0XA0B86991C6218B36C1D19D4A2E9EB0CE3606EB48
[2025-03-06 21:20:15.550] [DEBUG] Request failed. Retrying in 984ms (attempt 1/3)
{
  "error": "Request failed with status code 501"
}
[2025-03-06 21:20:16.649] [DEBUG] Request failed. Retrying in 1109ms (attempt 2/3)
{
  "error": "Request failed with status code 501"
}
[2025-03-06 21:20:17.872] [ERROR] Error checking Maya pool for ETH.USDC-0XA0B86991C6218B36C1D19D4A2E9EB0CE3606EB48
{
  "error": "Request failed with status code 501"
}
[2025-03-06 21:20:17.872] [INFO] Results for USD Coin (0xa0b86991c6218b36c1d19d4a2e9eb0ce3606eb48):
{
  "token": "0xa0b86991c6218b36c1d19d4a2e9eb0ce3606eb48",
  "chainId": 1,
  "chainName": "ETHEREUM",
  "timestamp": "2025-03-06T21:20:14.930Z",
  "protocols": {
    "uniswap": {
      "v2": {
        "exists": true,
        "dex": "uniswap",
        "chainId": 1,
        "address": "0xB4e16d0168e52d35CaCD2c6185b44281Ec28C9Dc",
        "tokens": {
          "0xA0b86991c6218b36c1d19D4a2e9Eb0cE3606eB48": {
            "address": "0xA0b86991c6218b36c1d19D4a2e9Eb0cE3606eB48",
            "reserve": "10396356496563"
          },
          "0xC02aaA39b223FE8D0A0e5C4F27eAD9083C756Cc2": {
            "address": "0xC02aaA39b223FE8D0A0e5C4F27eAD9083C756Cc2",
            "reserve": "4700171310051643857145"
          }
        }
      },
      "v3": {
        "exists": true,
        "dex": "uniswap",
        "chainId": 1,
        "pools": [
          {
            "address": "0xE0554a476A092703abdB3Ef35c80e0D76d32939F",
            "fee": 100
          },
          {
            "address": "0x88e6A0c2dDD26FEEb64F039a2c41296FcB3f5640",
            "fee": 500
          },
          {
            "address": "0x8ad599c3A0ff1De082011EFDDc58f1908eb6e6D8",
            "fee": 3000
          },
          {
            "address": "0x7BeA39867e4169DBe237d55C8242a8f2fcDcc387",
            "fee": 10000
          }
        ]
      }
    },
    "sushiswap": {
      "v2": {
        "exists": true,
        "dex": "sushiswap",
        "chainId": 1,
        "address": "0x397FF1542f962076d0BFE58eA045FfA2d347ACa0",
        "tokens": {
          "0xA0b86991c6218b36c1d19D4a2e9Eb0cE3606eB48": {
            "address": "0xA0b86991c6218b36c1d19D4a2e9Eb0cE3606eB48",
            "reserve": "1269930886970"
          },
          "0xC02aaA39b223FE8D0A0e5C4F27eAD9083C756Cc2": {
            "address": "0xC02aaA39b223FE8D0A0e5C4F27eAD9083C756Cc2",
            "reserve": "574509341358882721846"
          }
        }
      }
    },
    "thorchain": {
      "exists": true,
      "protocol": "thorchain",
      "asset": "ETH.USDC-0XA0B86991C6218B36C1D19D4A2E9EB0CE3606EB48",
      "details": {
        "status": "Available"
      }
    },
    "maya": {
      "exists": false,
      "protocol": "maya",
      "asset": "ETH.USDC-0XA0B86991C6218B36C1D19D4A2E9EB0CE3606EB48",
      "error": "Request failed with status code 501"
    }
  }
}
[2025-03-06 21:20:17.872] [DEBUG] Checking liquidity for token 0xdac17f958d2ee523a2206206994597c13d831ec7 on chain 1
[2025-03-06 21:20:17.905] [DEBUG] Using RPC https://eth-mainnet.public.blastapi.io for chain 1
[2025-03-06 21:20:17.980] [INFO] Found uniswap V2 pool on chain 1 for 0xdac17f958d2ee523a2206206994597c13d831ec7/0xc02aaa39b223fe8d0a0e5c4f27ead9083c756cc2
[2025-03-06 21:20:18.023] [DEBUG] Using RPC https://eth-mainnet.public.blastapi.io for chain 1
[2025-03-06 21:20:18.092] [INFO] Found sushiswap V2 pool on chain 1 for 0xdac17f958d2ee523a2206206994597c13d831ec7/0xc02aaa39b223fe8d0a0e5c4f27ead9083c756cc2
[2025-03-06 21:20:18.120] [DEBUG] Using RPC https://eth-mainnet.public.blastapi.io for chain 1
[2025-03-06 21:20:18.247] [INFO] Found 4 uniswap V3 pools on chain 1 for 0xdac17f958d2ee523a2206206994597c13d831ec7/0xc02aaa39b223fe8d0a0e5c4f27ead9083c756cc2
[2025-03-06 21:20:18.412] [DEBUG] Request failed. Retrying in 572ms (attempt 1/3)
{
  "error": "Request failed with status code 400"
}
[2025-03-06 21:20:19.139] [DEBUG] Request failed. Retrying in 1042ms (attempt 2/3)
{
  "error": "Request failed with status code 400"
}
[2025-03-06 21:20:20.538] [ERROR] Error checking THORChain pool for ETH.0XDAC17F958D2EE523A2206206994597C13D831EC7
{
  "error": "Request failed with status code 400"
}
[2025-03-06 21:20:20.651] [DEBUG] Request failed. Retrying in 733ms (attempt 1/3)
{
  "error": "Request failed with status code 501"
}
[2025-03-06 21:20:21.499] [DEBUG] Request failed. Retrying in 1997ms (attempt 2/3)
{
  "error": "Request failed with status code 501"
}
[2025-03-06 21:20:23.610] [ERROR] Error checking Maya pool for ETH.0XDAC17F958D2EE523A2206206994597C13D831EC7
{
  "error": "Request failed with status code 501"
}
[2025-03-06 21:20:23.611] [INFO] Results for Tether USD (0xdac17f958d2ee523a2206206994597c13d831ec7):
{
  "token": "0xdac17f958d2ee523a2206206994597c13d831ec7",
  "chainId": 1,
  "chainName": "ETHEREUM",
  "timestamp": "2025-03-06T21:20:17.873Z",
  "protocols": {
    "uniswap": {
      "v2": {
        "exists": true,
        "dex": "uniswap",
        "chainId": 1,
        "address": "0x0d4a11d5EEaaC28EC3F61d100daF4d40471f1852",
        "tokens": {
          "0xC02aaA39b223FE8D0A0e5C4F27eAD9083C756Cc2": {
            "address": "0xC02aaA39b223FE8D0A0e5C4F27eAD9083C756Cc2",
            "reserve": "4623212657426416247020"
          },
          "0xdAC17F958D2ee523a2206206994597C13D831ec7": {
            "address": "0xdAC17F958D2ee523a2206206994597C13D831ec7",
            "reserve": "10222323387510"
          }
        }
      },
      "v3": {
        "exists": true,
        "dex": "uniswap",
        "chainId": 1,
        "pools": [
          {
            "address": "0xc7bBeC68d12a0d1830360F8Ec58fA599bA1b0e9b",
            "fee": 100
          },
          {
            "address": "0x11b815efB8f581194ae79006d24E0d814B7697F6",
            "fee": 500
          },
          {
            "address": "0x4e68Ccd3E89f51C3074ca5072bbAC773960dFa36",
            "fee": 3000
          },
          {
            "address": "0xC5aF84701f98Fa483eCe78aF83F11b6C38ACA71D",
            "fee": 10000
          }
        ]
      }
    },
    "sushiswap": {
      "v2": {
        "exists": true,
        "dex": "sushiswap",
        "chainId": 1,
        "address": "0x06da0fd433C1A5d7a4faa01111c044910A184553",
        "tokens": {
          "0xC02aaA39b223FE8D0A0e5C4F27eAD9083C756Cc2": {
            "address": "0xC02aaA39b223FE8D0A0e5C4F27eAD9083C756Cc2",
            "reserve": "359303275036984159647"
          },
          "0xdAC17F958D2ee523a2206206994597C13D831ec7": {
            "address": "0xdAC17F958D2ee523a2206206994597C13D831ec7",
            "reserve": "793630694875"
          }
        }
      }
    },
    "thorchain": {
      "exists": false,
      "protocol": "thorchain",
      "asset": "ETH.0XDAC17F958D2EE523A2206206994597C13D831EC7",
      "error": "Request failed with status code 400"
    },
    "maya": {
      "exists": false,
      "protocol": "maya",
      "asset": "ETH.0XDAC17F958D2EE523A2206206994597C13D831EC7",
      "error": "Request failed with status code 501"
    }
  }
}
[2025-03-06 21:20:23.612] [DEBUG] Checking liquidity for token 0x6b175474e89094c44da98b954eedeac495271d0f on chain 1
[2025-03-06 21:20:23.644] [DEBUG] Using RPC https://eth-mainnet.public.blastapi.io for chain 1
[2025-03-06 21:20:23.706] [INFO] Found uniswap V2 pool on chain 1 for 0x6b175474e89094c44da98b954eedeac495271d0f/0xc02aaa39b223fe8d0a0e5c4f27ead9083c756cc2
[2025-03-06 21:20:23.740] [DEBUG] Using RPC https://eth-mainnet.public.blastapi.io for chain 1
[2025-03-06 21:20:23.806] [INFO] Found sushiswap V2 pool on chain 1 for 0x6b175474e89094c44da98b954eedeac495271d0f/0xc02aaa39b223fe8d0a0e5c4f27ead9083c756cc2
[2025-03-06 21:20:23.836] [DEBUG] Using RPC https://eth-mainnet.public.blastapi.io for chain 1
[2025-03-06 21:20:23.959] [INFO] Found 4 uniswap V3 pools on chain 1 for 0x6b175474e89094c44da98b954eedeac495271d0f/0xc02aaa39b223fe8d0a0e5c4f27ead9083c756cc2
[2025-03-06 21:20:24.120] [DEBUG] Request failed. Retrying in 744ms (attempt 1/3)
{
  "error": "Request failed with status code 400"
}
[2025-03-06 21:20:25.023] [DEBUG] Request failed. Retrying in 1559ms (attempt 2/3)
{
  "error": "Request failed with status code 400"
}
[2025-03-06 21:20:26.733] [ERROR] Error checking THORChain pool for ETH.0X6B175474E89094C44DA98B954EEDEAC495271D0F
{
  "error": "Request failed with status code 400"
}
[2025-03-06 21:20:26.845] [DEBUG] Request failed. Retrying in 680ms (attempt 1/3)
{
  "error": "Request failed with status code 501"
}
[2025-03-06 21:20:27.640] [DEBUG] Request failed. Retrying in 1147ms (attempt 2/3)
{
  "error": "Request failed with status code 501"
}
[2025-03-06 21:20:28.901] [ERROR] Error checking Maya pool for ETH.0X6B175474E89094C44DA98B954EEDEAC495271D0F
{
  "error": "Request failed with status code 501"
}
[2025-03-06 21:20:28.901] [INFO] Results for Dai Stablecoin (0x6b175474e89094c44da98b954eedeac495271d0f):
{
  "token": "0x6b175474e89094c44da98b954eedeac495271d0f",
  "chainId": 1,
  "chainName": "ETHEREUM",
  "timestamp": "2025-03-06T21:20:23.612Z",
  "protocols": {
    "uniswap": {
      "v2": {
        "exists": true,
        "dex": "uniswap",
        "chainId": 1,
        "address": "0xA478c2975Ab1Ea89e8196811F51A7B7Ade33eB11",
        "tokens": {
          "0x6B175474E89094C44Da98b954EedeAC495271d0F": {
            "address": "0x6B175474E89094C44Da98b954EedeAC495271d0F",
            "reserve": "5241996704499244120234069"
          },
          "0xC02aaA39b223FE8D0A0e5C4F27eAD9083C756Cc2": {
            "address": "0xC02aaA39b223FE8D0A0e5C4F27eAD9083C756Cc2",
            "reserve": "2370588373354189926238"
          }
        }
      },
      "v3": {
        "exists": true,
        "dex": "uniswap",
        "chainId": 1,
        "pools": [
          {
            "address": "0xD8dEC118e1215F02e10DB846DCbBfE27d477aC19",
            "fee": 100
          },
          {
            "address": "0x60594a405d53811d3BC4766596EFD80fd545A270",
            "fee": 500
          },
          {
            "address": "0xC2e9F25Be6257c210d7Adf0D4Cd6E3E881ba25f8",
            "fee": 3000
          },
          {
            "address": "0xa80964C5bBd1A0E95777094420555fead1A26c1e",
            "fee": 10000
          }
        ]
      }
    },
    "sushiswap": {
      "v2": {
        "exists": true,
        "dex": "sushiswap",
        "chainId": 1,
        "address": "0xC3D03e4F041Fd4cD388c549Ee2A29a9E5075882f",
        "tokens": {
          "0x6B175474E89094C44Da98b954EedeAC495271d0F": {
            "address": "0x6B175474E89094C44Da98b954EedeAC495271d0F",
            "reserve": "4232031390372617742988434"
          },
          "0xC02aaA39b223FE8D0A0e5C4F27eAD9083C756Cc2": {
            "address": "0xC02aaA39b223FE8D0A0e5C4F27eAD9083C756Cc2",
            "reserve": "1914412646107849018021"
          }
        }
      }
    },
    "thorchain": {
      "exists": false,
      "protocol": "thorchain",
      "asset": "ETH.0X6B175474E89094C44DA98B954EEDEAC495271D0F",
      "error": "Request failed with status code 400"
    },
    "maya": {
      "exists": false,
      "protocol": "maya",
      "asset": "ETH.0X6B175474E89094C44DA98B954EEDEAC495271D0F",
      "error": "Request failed with status code 501"
    }
  }
}
[2025-03-06 21:20:28.902] [DEBUG] Checking liquidity for token 0x2260fac5e5542a773aa44fbcfedf7c193bc2c599 on chain 1
[2025-03-06 21:20:28.929] [DEBUG] Using RPC https://eth-mainnet.public.blastapi.io for chain 1
[2025-03-06 21:20:28.990] [INFO] Found uniswap V2 pool on chain 1 for 0x2260fac5e5542a773aa44fbcfedf7c193bc2c599/0xc02aaa39b223fe8d0a0e5c4f27ead9083c756cc2
[2025-03-06 21:20:29.021] [DEBUG] Using RPC https://eth-mainnet.public.blastapi.io for chain 1
[2025-03-06 21:20:29.087] [INFO] Found sushiswap V2 pool on chain 1 for 0x2260fac5e5542a773aa44fbcfedf7c193bc2c599/0xc02aaa39b223fe8d0a0e5c4f27ead9083c756cc2
[2025-03-06 21:20:29.117] [DEBUG] Using RPC https://eth-mainnet.public.blastapi.io for chain 1
[2025-03-06 21:20:29.247] [INFO] Found 4 uniswap V3 pools on chain 1 for 0x2260fac5e5542a773aa44fbcfedf7c193bc2c599/0xc02aaa39b223fe8d0a0e5c4f27ead9083c756cc2
[2025-03-06 21:20:29.398] [INFO] Found THORChain pool for BTC.BTC
[2025-03-06 21:20:29.511] [DEBUG] Request failed. Retrying in 666ms (attempt 1/3)
{
  "error": "Request failed with status code 501"
}
[2025-03-06 21:20:30.291] [DEBUG] Request failed. Retrying in 1821ms (attempt 2/3)
{
  "error": "Request failed with status code 501"
}
[2025-03-06 21:20:32.226] [ERROR] Error checking Maya pool for BTC.BTC
{
  "error": "Request failed with status code 501"
}
[2025-03-06 21:20:32.226] [INFO] Results for Wrapped BTC (0x2260fac5e5542a773aa44fbcfedf7c193bc2c599):
{
  "token": "0x2260fac5e5542a773aa44fbcfedf7c193bc2c599",
  "chainId": 1,
  "chainName": "ETHEREUM",
  "timestamp": "2025-03-06T21:20:28.902Z",
  "protocols": {
    "uniswap": {
      "v2": {
        "exists": true,
        "dex": "uniswap",
        "chainId": 1,
        "address": "0xBb2b8038a1640196FbE3e38816F3e67Cba72D940",
        "tokens": {
          "0x2260FAC5E5542a773Aa44fBCfeDf7C193bc2C599": {
            "address": "0x2260FAC5E5542a773Aa44fBCfeDf7C193bc2C599",
            "reserve": "6480440075"
          },
          "0xC02aaA39b223FE8D0A0e5C4F27eAD9083C756Cc2": {
            "address": "0xC02aaA39b223FE8D0A0e5C4F27eAD9083C756Cc2",
            "reserve": "2614139833802217137518"
          }
        }
      },
      "v3": {
        "exists": true,
        "dex": "uniswap",
        "chainId": 1,
        "pools": [
          {
            "address": "0xe6ff8b9A37B0fab776134636D9981Aa778c4e718",
            "fee": 100
          },
          {
            "address": "0x4585FE77225b41b697C938B018E2Ac67Ac5a20c0",
            "fee": 500
          },
          {
            "address": "0xCBCdF9626bC03E24f779434178A73a0B4bad62eD",
            "fee": 3000
          },
          {
            "address": "0x6Ab3bba2F41e7eAA262fa5A1A9b3932fA161526F",
            "fee": 10000
          }
        ]
      }
    },
    "sushiswap": {
      "v2": {
        "exists": true,
        "dex": "sushiswap",
        "chainId": 1,
        "address": "0xCEfF51756c56CeFFCA006cD410B03FFC46dd3a58",
        "tokens": {
          "0x2260FAC5E5542a773Aa44fBCfeDf7C193bc2C599": {
            "address": "0x2260FAC5E5542a773Aa44fBCfeDf7C193bc2C599",
            "reserve": "13677862021"
          },
          "0xC02aaA39b223FE8D0A0e5C4F27eAD9083C756Cc2": {
            "address": "0xC02aaA39b223FE8D0A0e5C4F27eAD9083C756Cc2",
            "reserve": "5517499149912857183929"
          }
        }
      }
    },
    "thorchain": {
      "exists": true,
      "protocol": "thorchain",
      "asset": "BTC.BTC",
      "details": {
        "status": "Available"
      }
    },
    "maya": {
      "exists": false,
      "protocol": "maya",
      "asset": "BTC.BTC",
      "error": "Request failed with status code 501"
    }
  }
}
[2025-03-06 21:20:32.227] [DEBUG] Checking liquidity for token 0x1f9840a85d5af5bf1d1762f925bdaddc4201f984 on chain 1
[2025-03-06 21:20:32.256] [DEBUG] Using RPC https://eth-mainnet.public.blastapi.io for chain 1
[2025-03-06 21:20:32.321] [INFO] Found uniswap V2 pool on chain 1 for 0x1f9840a85d5af5bf1d1762f925bdaddc4201f984/0xc02aaa39b223fe8d0a0e5c4f27ead9083c756cc2
[2025-03-06 21:20:32.353] [DEBUG] Using RPC https://eth-mainnet.public.blastapi.io for chain 1
[2025-03-06 21:20:32.422] [INFO] Found sushiswap V2 pool on chain 1 for 0x1f9840a85d5af5bf1d1762f925bdaddc4201f984/0xc02aaa39b223fe8d0a0e5c4f27ead9083c756cc2
[2025-03-06 21:20:32.453] [DEBUG] Using RPC https://eth-mainnet.public.blastapi.io for chain 1
[2025-03-06 21:20:32.586] [INFO] Found 3 uniswap V3 pools on chain 1 for 0x1f9840a85d5af5bf1d1762f925bdaddc4201f984/0xc02aaa39b223fe8d0a0e5c4f27ead9083c756cc2
[2025-03-06 21:20:32.759] [DEBUG] Request failed. Retrying in 617ms (attempt 1/3)
{
  "error": "Request failed with status code 400"
}
[2025-03-06 21:20:33.534] [DEBUG] Request failed. Retrying in 1463ms (attempt 2/3)
{
  "error": "Request failed with status code 400"
}
[2025-03-06 21:20:35.146] [ERROR] Error checking THORChain pool for ETH.0X1F9840A85D5AF5BF1D1762F925BDADDC4201F984
{
  "error": "Request failed with status code 400"
}
[2025-03-06 21:20:35.258] [DEBUG] Request failed. Retrying in 696ms (attempt 1/3)
{
  "error": "Request failed with status code 501"
}
[2025-03-06 21:20:36.069] [DEBUG] Request failed. Retrying in 1957ms (attempt 2/3)
{
  "error": "Request failed with status code 501"
}
[2025-03-06 21:20:38.139] [ERROR] Error checking Maya pool for ETH.0X1F9840A85D5AF5BF1D1762F925BDADDC4201F984
{
  "error": "Request failed with status code 501"
}
[2025-03-06 21:20:38.139] [INFO] Results for Uniswap (0x1f9840a85d5af5bf1d1762f925bdaddc4201f984):
{
  "token": "0x1f9840a85d5af5bf1d1762f925bdaddc4201f984",
  "chainId": 1,
  "chainName": "ETHEREUM",
  "timestamp": "2025-03-06T21:20:32.227Z",
  "protocols": {
    "uniswap": {
      "v2": {
        "exists": true,
        "dex": "uniswap",
        "chainId": 1,
        "address": "0xd3d2E2692501A5c9Ca623199D38826e513033a17",
        "tokens": {
          "0x1f9840a85d5aF5bf1D1762F925BDADdC4201F984": {
            "address": "0x1f9840a85d5aF5bf1D1762F925BDADdC4201F984",
            "reserve": "263374667970739183985184"
          },
          "0xC02aaA39b223FE8D0A0e5C4F27eAD9083C756Cc2": {
            "address": "0xC02aaA39b223FE8D0A0e5C4F27eAD9083C756Cc2",
            "reserve": "856795197192171216827"
          }
        }
      },
      "v3": {
        "exists": true,
        "dex": "uniswap",
        "chainId": 1,
        "pools": [
          {
            "address": "0xfaA318479b7755b2dBfDD34dC306cb28B420Ad12",
            "fee": 500
          },
          {
            "address": "0x1d42064Fc4Beb5F8aAF85F4617AE8b3b5B8Bd801",
            "fee": 3000
          },
          {
            "address": "0x360b9726186C0F62cc719450685ce70280774Dc8",
            "fee": 10000
          }
        ]
      }
    },
    "sushiswap": {
      "v2": {
        "exists": true,
        "dex": "sushiswap",
        "chainId": 1,
        "address": "0xDafd66636E2561b0284EDdE37e42d192F2844D40",
        "tokens": {
          "0x1f9840a85d5aF5bf1D1762F925BDADdC4201F984": {
            "address": "0x1f9840a85d5aF5bf1D1762F925BDADdC4201F984",
            "reserve": "15542427496618186830890"
          },
          "0xC02aaA39b223FE8D0A0e5C4F27eAD9083C756Cc2": {
            "address": "0xC02aaA39b223FE8D0A0e5C4F27eAD9083C756Cc2",
            "reserve": "50641831283063421695"
          }
        }
      }
    },
    "thorchain": {
      "exists": false,
      "protocol": "thorchain",
      "asset": "ETH.0X1F9840A85D5AF5BF1D1762F925BDADDC4201F984",
      "error": "Request failed with status code 400"
    },
    "maya": {
      "exists": false,
      "protocol": "maya",
      "asset": "ETH.0X1F9840A85D5AF5BF1D1762F925BDADDC4201F984",
      "error": "Request failed with status code 501"
    }
  }
}
[2025-03-06 21:20:38.140] [DEBUG] Checking liquidity for token 0x0d500b1d8e8ef31e21c99d1db9a6444d3adf1270 on chain 137
[2025-03-06 21:20:38.169] [DEBUG] Using RPC https://polygon-rpc.com for chain 137
[2025-03-06 21:20:38.173] [ERROR] Error checking quickswap V2 pool on chain 137
{
  "error": "bad address checksum (argument=\"address\", value=\"0x5757371414417b8C6CAad45bAeF941aBc7A6Ed7d\", code=INVALID_ARGUMENT, version=6.13.5)"
}
[2025-03-06 21:20:38.189] [DEBUG] Using RPC https://polygon-rpc.com for chain 137
[2025-03-06 21:20:38.236] [DEBUG] Using RPC https://polygon-rpc.com for chain 137
[2025-03-06 21:20:38.348] [INFO] Results for Wrapped Matic (0x0d500b1d8e8ef31e21c99d1db9a6444d3adf1270):
{
  "token": "0x0d500b1d8e8ef31e21c99d1db9a6444d3adf1270",
  "chainId": 137,
  "chainName": "POLYGON",
  "timestamp": "2025-03-06T21:20:38.140Z",
  "protocols": {
    "quickswap": {
      "v2": {
        "exists": false,
        "dex": "quickswap",
        "chainId": 137,
        "error": "bad address checksum (argument=\"address\", value=\"0x5757371414417b8C6CAad45bAeF941aBc7A6Ed7d\", code=INVALID_ARGUMENT, version=6.13.5)"
      }
    },
    "sushiswap": {
      "v2": {
        "exists": false,
        "dex": "sushiswap",
        "chainId": 137
      }
    },
    "uniswap": {
      "v3": {
        "exists": false,
        "dex": "uniswap",
        "chainId": 137,
        "pools": []
      }
    }
  }
}
[2025-03-06 21:20:38.348] [DEBUG] Checking liquidity for token 0x2791bca1f2de4661ed88a30c99a7a9449aa84174 on chain 137
[2025-03-06 21:20:38.369] [DEBUG] Using RPC https://polygon-rpc.com for chain 137
[2025-03-06 21:20:38.371] [ERROR] Error checking quickswap V2 pool on chain 137
{
  "error": "bad address checksum (argument=\"address\", value=\"0x5757371414417b8C6CAad45bAeF941aBc7A6Ed7d\", code=INVALID_ARGUMENT, version=6.13.5)"
}
[2025-03-06 21:20:38.388] [DEBUG] Using RPC https://polygon-rpc.com for chain 137
[2025-03-06 21:20:38.449] [INFO] Found sushiswap V2 pool on chain 137 for 0x2791bca1f2de4661ed88a30c99a7a9449aa84174/0x0d500B1d8E8eF31E21C99d1Db9A6444d3ADf1270
[2025-03-06 21:20:38.528] [DEBUG] Using RPC https://polygon-rpc.com for chain 137
[2025-03-06 21:20:38.682] [INFO] Found 4 uniswap V3 pools on chain 137 for 0x2791bca1f2de4661ed88a30c99a7a9449aa84174/0x0d500B1d8E8eF31E21C99d1Db9A6444d3ADf1270
[2025-03-06 21:20:38.682] [INFO] Results for USD Coin (PoS) (0x2791bca1f2de4661ed88a30c99a7a9449aa84174):
{
  "token": "0x2791bca1f2de4661ed88a30c99a7a9449aa84174",
  "chainId": 137,
  "chainName": "POLYGON",
  "timestamp": "2025-03-06T21:20:38.348Z",
  "protocols": {
    "quickswap": {
      "v2": {
        "exists": false,
        "dex": "quickswap",
        "chainId": 137,
        "error": "bad address checksum (argument=\"address\", value=\"0x5757371414417b8C6CAad45bAeF941aBc7A6Ed7d\", code=INVALID_ARGUMENT, version=6.13.5)"
      }
    },
    "sushiswap": {
      "v2": {
        "exists": true,
        "dex": "sushiswap",
        "chainId": 137,
        "address": "0xcd353F79d9FADe311fC3119B841e1f456b54e858",
        "tokens": {
          "0x0d500B1d8E8eF31E21C99d1Db9A6444d3ADf1270": {
            "address": "0x0d500B1d8E8eF31E21C99d1Db9A6444d3ADf1270",
            "reserve": "270590261125983047484984"
          },
          "0x2791Bca1f2de4661ED88A30C99A7a9449Aa84174": {
            "address": "0x2791Bca1f2de4661ED88A30C99A7a9449Aa84174",
            "reserve": "66524451169"
          }
        }
      }
    },
    "uniswap": {
      "v3": {
        "exists": true,
        "dex": "uniswap",
        "chainId": 137,
        "pools": [
          {
            "address": "0x0a6c4588b7D8Bd22cF120283B1FFf953420c45F3",
            "fee": 100
          },
          {
            "address": "0xA374094527e1673A86dE625aa59517c5dE346d32",
            "fee": 500
          },
          {
            "address": "0x88f3C15523544835fF6c738DDb30995339AD57d6",
            "fee": 3000
          },
          {
            "address": "0x67e708986a809aCefDe16f2417FA5701241E3935",
            "fee": 10000
          }
        ]
      }
    }
  }
}
[2025-03-06 21:20:38.683] [DEBUG] Checking liquidity for token 0x7ceb23fd6bc0add59e62ac25578270cff1b9f619 on chain 137
[2025-03-06 21:20:38.705] [DEBUG] Using RPC https://polygon-rpc.com for chain 137
[2025-03-06 21:20:38.708] [ERROR] Error checking quickswap V2 pool on chain 137
{
  "error": "bad address checksum (argument=\"address\", value=\"0x5757371414417b8C6CAad45bAeF941aBc7A6Ed7d\", code=INVALID_ARGUMENT, version=6.13.5)"
}
[2025-03-06 21:20:38.730] [DEBUG] Using RPC https://polygon-rpc.com for chain 137
[2025-03-06 21:20:38.814] [INFO] Found sushiswap V2 pool on chain 137 for 0x7ceb23fd6bc0add59e62ac25578270cff1b9f619/0x0d500B1d8E8eF31E21C99d1Db9A6444d3ADf1270
[2025-03-06 21:20:38.833] [DEBUG] Using RPC https://polygon-rpc.com for chain 137
[2025-03-06 21:20:38.933] [INFO] Found 4 uniswap V3 pools on chain 137 for 0x7ceb23fd6bc0add59e62ac25578270cff1b9f619/0x0d500B1d8E8eF31E21C99d1Db9A6444d3ADf1270
[2025-03-06 21:20:38.933] [INFO] Results for Wrapped Ether (0x7ceb23fd6bc0add59e62ac25578270cff1b9f619):
{
  "token": "0x7ceb23fd6bc0add59e62ac25578270cff1b9f619",
  "chainId": 137,
  "chainName": "POLYGON",
  "timestamp": "2025-03-06T21:20:38.683Z",
  "protocols": {
    "quickswap": {
      "v2": {
        "exists": false,
        "dex": "quickswap",
        "chainId": 137,
        "error": "bad address checksum (argument=\"address\", value=\"0x5757371414417b8C6CAad45bAeF941aBc7A6Ed7d\", code=INVALID_ARGUMENT, version=6.13.5)"
      }
    },
    "sushiswap": {
      "v2": {
        "exists": true,
        "dex": "sushiswap",
        "chainId": 137,
        "address": "0xc4e595acDD7d12feC385E5dA5D43160e8A0bAC0E",
        "tokens": {
          "0x0d500B1d8E8eF31E21C99d1Db9A6444d3ADf1270": {
            "address": "0x0d500B1d8E8eF31E21C99d1Db9A6444d3ADf1270",
            "reserve": "3496766406610261269015473"
          },
          "0x7ceB23fD6bC0adD59E62ac25578270cFf1b9f619": {
            "address": "0x7ceB23fD6bC0adD59E62ac25578270cFf1b9f619",
            "reserve": "395108286100429678238"
          }
        }
      }
    },
    "uniswap": {
      "v3": {
        "exists": true,
        "dex": "uniswap",
        "chainId": 137,
        "pools": [
          {
            "address": "0x33C4F0043E2e988b3c2e9C77e2C670eFe709Bfe3",
            "fee": 100
          },
          {
            "address": "0x86f1d8390222A3691C28938eC7404A1661E618e0",
            "fee": 500
          },
          {
            "address": "0x167384319B41F7094e62f7506409Eb38079AbfF8",
            "fee": 3000
          },
          {
            "address": "0x9F2b55f290fb1dd0c80d685284dbeF91ebEEA480",
            "fee": 10000
          }
        ]
      }
    }
  }
}
[2025-03-06 21:20:38.934] [DEBUG] Checking liquidity for token BTC on chain unknown
[2025-03-06 21:20:39.048] [DEBUG] Request failed. Retrying in 506ms (attempt 1/3)
{
  "error": "Request failed with status code 501"
}
[2025-03-06 21:20:39.667] [DEBUG] Request failed. Retrying in 1374ms (attempt 2/3)
{
  "error": "Request failed with status code 501"
}
[2025-03-06 21:20:41.155] [ERROR] Error checking Maya pool for BTC.BTC
{
  "error": "Request failed with status code 501"
}
[2025-03-06 21:20:41.155] [INFO] Results for Bitcoin (BTC):
{
  "token": "BTC",
  "chainId": 0,
  "chainName": "BITCOIN",
  "timestamp": "2025-03-06T21:20:38.934Z",
  "protocols": {
    "thorchain": {
      "exists": true,
      "protocol": "thorchain",
      "asset": "BTC.BTC",
      "details": {
        "status": "Available"
      }
    },
    "maya": {
      "exists": false,
      "protocol": "maya",
      "asset": "BTC.BTC",
      "error": "Request failed with status code 501"
    }
  }
}
[2025-03-06 21:20:41.155] [DEBUG] Checking liquidity for token ETH on chain 1
[2025-03-06 21:20:41.185] [DEBUG] Using RPC https://eth-mainnet.public.blastapi.io for chain 1
[2025-03-06 21:20:42.138] [DEBUG] Using RPC https://eth-mainnet.public.blastapi.io for chain 1
[2025-03-06 21:20:42.326] [DEBUG] Using RPC https://eth-mainnet.public.blastapi.io for chain 1
[2025-03-06 21:20:44.174] [DEBUG] Request failed. Retrying in 750ms (attempt 1/3)
{
  "error": "Request failed with status code 501"
}
[2025-03-06 21:20:45.038] [DEBUG] Request failed. Retrying in 1660ms (attempt 2/3)
{
  "error": "Request failed with status code 501"
}
[2025-03-06 21:20:46.814] [ERROR] Error checking Maya pool for ETH.ETH
{
  "error": "Request failed with status code 501"
}
[2025-03-06 21:20:46.816] [INFO] Results for Ethereum (ETH):
{
  "token": "ETH",
  "chainId": 1,
  "chainName": "ETHEREUM",
  "timestamp": "2025-03-06T21:20:41.156Z",
  "protocols": {
    "uniswap": {
      "v2": {
        "exists": false,
        "dex": "uniswap",
        "chainId": 1
      },
      "v3": {
        "exists": false,
        "dex": "uniswap",
        "chainId": 1,
        "pools": []
      }
    },
    "sushiswap": {
      "v2": {
        "exists": false,
        "dex": "sushiswap",
        "chainId": 1
      }
    },
    "thorchain": {
      "exists": true,
      "protocol": "thorchain",
      "asset": "ETH.ETH",
      "details": {
        "status": "Available"
      }
    },
    "maya": {
      "exists": false,
      "protocol": "maya",
      "asset": "ETH.ETH",
      "error": "Request failed with status code 501"
    }
  }
}
[2025-03-06 21:20:46.819] [DEBUG] Checking liquidity for token BNB on chain 56
[2025-03-06 21:20:46.820] [WARN] Error formatting THORChain asset for BNB on chain 56
[2025-03-06 21:20:46.820] [WARN] Error formatting Maya asset for BNB on chain 56
[2025-03-06 21:20:46.820] [INFO] Results for Binance Coin (BNB):
{
  "token": "BNB",
  "chainId": 56,
  "chainName": "BINANCE_SMART_CHAIN",
  "timestamp": "2025-03-06T21:20:46.819Z",
  "protocols": {}
}
[2025-03-06 21:20:46.820] [DEBUG] Checking liquidity for token rune on chain thor
[2025-03-06 21:20:46.998] [DEBUG] Request failed. Retrying in 634ms (attempt 1/3)
{
  "error": "Request failed with status code 400"
}
[2025-03-06 21:20:47.795] [DEBUG] Request failed. Retrying in 1481ms (attempt 2/3)
{
  "error": "Request failed with status code 400"
}
[2025-03-06 21:20:49.428] [ERROR] Error checking THORChain pool for THOR.RUNE
{
  "error": "Request failed with status code 400"
}
[2025-03-06 21:20:49.428] [INFO] Results for RUNE (rune):
{
  "token": "rune",
  "chainId": "thor",
  "chainName": "THORCHAIN",
  "timestamp": "2025-03-06T21:20:46.821Z",
  "protocols": {
    "thorchain": {
      "exists": false,
      "protocol": "thorchain",
      "asset": "THOR.RUNE",
      "error": "Request failed with status code 400"
    }
  }
}
[2025-03-06 21:20:49.428] [DEBUG] Checking liquidity for token cacao on chain maya
[2025-03-06 21:20:49.541] [DEBUG] Request failed. Retrying in 632ms (attempt 1/3)
{
  "error": "Request failed with status code 501"
}
[2025-03-06 21:20:50.287] [DEBUG] Request failed. Retrying in 1668ms (attempt 2/3)
{
  "error": "Request failed with status code 501"
}
[2025-03-06 21:20:52.070] [ERROR] Error checking Maya pool for MAYA.CACAO
{
  "error": "Request failed with status code 501"
}
[2025-03-06 21:20:52.070] [INFO] Results for CACAO (cacao):
{
  "token": "cacao",
  "chainId": "maya",
  "chainName": "MAYACHAIN",
  "timestamp": "2025-03-06T21:20:49.428Z",
  "protocols": {
    "maya": {
      "exists": false,
      "protocol": "maya",
      "asset": "MAYA.CACAO",
      "error": "Request failed with status code 501"
    }
  }
}
