=== Cross-Chain Swap Log Started at 2025-03-01T09:10:20.562Z ===

[2025-03-01T09:10:20.564Z] Logging to: /Users/bablesson/Documents/Tony/blockchain-scripts/logs/swap-2025-03-01T09-10-20-562Z.log
[2025-03-01T09:10:20.634Z] Wallet initialized with address: 0x4cE8bEe6A8afC3debF669adC3b1727103cdBB649
[2025-03-01T09:10:20.672Z] SDK provider configured with account: 0x4cE8bEe6A8afC3debF669adC3b1727103cdBB649
[2025-03-01T09:10:20.672Z] Setting up swap from Polygon to BSC
[2025-03-01T09:10:20.673Z] 
Cross-Chain Swap Request:
- From Chain: 56
- To Chain: 56
- From Token: 0x0000000000000000000000000000000000000000
- To Token: 0xbb4cdb9cbd36b01bd1cbaebf2de08d9173bc095c
- Amount: 1000000000000000000
- Sender: 0x4cE8bEe6A8afC3debF669adC3b1727103cdBB649
- Max timeout: 30 minutes
  
[2025-03-01T09:10:20.673Z] Getting quote for cross-chain swap...
[2025-03-01T09:10:21.284Z] 
Quote received:
- From: 1000000000000000000 BNB on 56
- To: ~1000000000000000000 WBNB on 56
- Gas Cost: 193397600000000 (in wei)
- Execution Time: ~0 seconds
- Using: wrapper
    
[2025-03-01T09:10:21.285Z] Converting quote to route...
[2025-03-01T09:10:21.285Z] Executing cross-chain swap...
[2025-03-01T09:10:21.384Z] 
Execution update (0m 0s elapsed):
- Status: ACTION_REQUIRED
- Type: SWITCH_CHAIN
- Bridge: Wrapper
- Transaction Hash: Not available yet
- Chain: 56 -> 56

            
[2025-03-01T09:10:21.385Z] Switching chain to BNB Smart Chain (56)
[2025-03-01T09:10:21.474Z] 
Execution update (0m 0s elapsed):
- Status: DONE
- Type: SWITCH_CHAIN
- Bridge: Wrapper
- Transaction Hash: Not available yet
- Chain: 56 -> 56

            
[2025-03-01T09:10:21.474Z] 
Execution update (0m 0s elapsed):
- Status: STARTED
- Type: SWAP
- Bridge: Wrapper
- Transaction Hash: Not available yet
- Chain: 56 -> 56

            
[2025-03-01T09:10:22.739Z] 
Execution update (0m 1s elapsed):
- Status: FAILED
- Type: SWAP
- Bridge: Wrapper
- Transaction Hash: Not available yet
- Chain: 56 -> 56

            
[2025-03-01T09:10:22.739Z] ERROR: Error during cross-chain swap: [BalanceError] The balance is too low.
LI.FI SDK version: 3.5.4
[2025-03-01T09:10:22.739Z] ERROR: Failed to complete cross-chain swap: [BalanceError] The balance is too low.
LI.FI SDK version: 3.5.4
